TN:
SF:/Users/ericanaglik/js-math-lib/src/index.js
FN:7,(anonymous_0)
FN:11,(anonymous_1)
FN:15,(anonymous_2)
FN:21,(anonymous_3)
FN:36,(anonymous_4)
FN:42,(anonymous_5)
FN:48,(anonymous_6)
FN:54,(anonymous_7)
FN:60,(anonymous_8)
FN:67,(anonymous_9)
FN:74,(anonymous_10)
FNF:11
FNH:4
FNDA:3,(anonymous_0)
FNDA:0,(anonymous_1)
FNDA:0,(anonymous_2)
FNDA:2,(anonymous_3)
FNDA:1,(anonymous_4)
FNDA:1,(anonymous_5)
FNDA:0,(anonymous_6)
FNDA:0,(anonymous_7)
FNDA:0,(anonymous_8)
FNDA:0,(anonymous_9)
FNDA:0,(anonymous_10)
DA:3,1
DA:7,1
DA:8,3
DA:11,1
DA:12,0
DA:15,1
DA:16,0
DA:21,1
DA:22,2
DA:23,2
DA:24,2
DA:25,2
DA:27,2
DA:28,2
DA:29,2
DA:31,2
DA:36,1
DA:37,1
DA:42,1
DA:43,1
DA:48,1
DA:49,0
DA:54,1
DA:55,0
DA:60,1
DA:61,0
DA:62,0
DA:67,1
DA:68,0
DA:69,0
DA:74,1
DA:75,0
LF:32
LH:23
BRF:0
BRH:0
end_of_record
